#
# There is insufficient memory for the Java Runtime Environment to continue.
# Native memory allocation (malloc) failed to allocate 739616 bytes for Chunk::new
# Possible reasons:
#   The system is out of physical RAM or swap space
#   In 32 bit mode, the process size limit was hit
# Possible solutions:
#   Reduce memory load on the system
#   Increase physical memory or swap space
#   Check if swap backing store is full
#   Use 64 bit Java on a 64 bit OS
#   Decrease Java heap size (-Xmx/-Xms)
#   Decrease number of Java threads
#   Decrease Java thread stack sizes (-Xss)
#   Set larger code cache with -XX:ReservedCodeCacheSize=
# This output file may be truncated or incomplete.
#
#  Out of Memory Error (allocation.cpp:390), pid=32652, tid=0x00000000000062a8
#
# JRE version: Java(TM) SE Runtime Environment (8.0_131-b11) (build 1.8.0_131-b11)
# Java VM: Java HotSpot(TM) 64-Bit Server VM (25.131-b11 mixed mode windows-amd64 compressed oops)
# Failed to write core dump. Minidumps are not enabled by default on client versions of Windows
#

---------------  T H R E A D  ---------------

Current thread (0x0000000057ea1000):  JavaThread "C2 CompilerThread0" daemon [_thread_in_native, id=25256, stack(0x0000000057020000,0x0000000057120000)]

Stack: [0x0000000057020000,0x0000000057120000]
[error occurred during error reporting (printing stack bounds), id 0xc0000005]

Native frames: (J=compiled Java code, j=interpreted, Vv=VM code, C=native code)


Current CompileTask:
C2:   4929 2747       4       org.springframework.beans.factory.support.AbstractBeanFactory::isTypeMatch (607 bytes)


---------------  P R O C E S S  ---------------

Java Threads: ( => current thread )
  0x000000005a43d800 JavaThread "Keep-Alive-Timer" daemon [_thread_blocked, id=32492, stack(0x0000000057490000,0x0000000057590000)]
  0x0000000057f44000 JavaThread "Service Thread" daemon [_thread_blocked, id=31660, stack(0x0000000057240000,0x0000000057340000)]
  0x0000000057ea8800 JavaThread "C1 CompilerThread2" daemon [_thread_blocked, id=22892, stack(0x00000000561b0000,0x00000000562b0000)]
  0x0000000057ea3000 JavaThread "C2 CompilerThread1" daemon [_thread_in_native, id=4736, stack(0x0000000056f10000,0x0000000057010000)]
=>0x0000000057ea1000 JavaThread "C2 CompilerThread0" daemon [_thread_in_native, id=25256, stack(0x0000000057020000,0x0000000057120000)]
  0x0000000057e9f800 JavaThread "Monitor Ctrl-Break" daemon [_thread_in_native, id=30288, stack(0x0000000056e10000,0x0000000056f10000)]
  0x0000000056702800 JavaThread "Attach Listener" daemon [_thread_blocked, id=32672, stack(0x0000000056d10000,0x0000000056e10000)]
  0x00000000552ae800 JavaThread "Signal Dispatcher" daemon [_thread_blocked, id=27224, stack(0x0000000056b90000,0x0000000056c90000)]
  0x0000000055293000 JavaThread "Finalizer" daemon [_thread_blocked, id=31604, stack(0x00000000565f0000,0x00000000566f0000)]
  0x000000005524b800 JavaThread "Reference Handler" daemon [_thread_blocked, id=30928, stack(0x0000000056460000,0x0000000056560000)]
  0x000000000248b000 JavaThread "main" [_thread_in_Java, id=29828, stack(0x0000000002700000,0x0000000002800000)]

Other Threads:
  0x0000000055244000 VMThread [stack: 0x00000000562d0000,0x00000000563d0000] [id=27132]
  0x000000005806c000 WatcherThread [stack: 0x0000000057590000,0x0000000057690000] [id=32388]

VM state:not at safepoint (normal execution)

VM Mutex/Monitor currently owned by a thread: None

Heap:
 PSYoungGen      total 121344K, used 29695K [0x00000000eaf80000, 0x00000000f3d80000, 0x0000000100000000)
  eden space 113152K, 20% used [0x00000000eaf80000,0x00000000ec5abfd0,0x00000000f1e00000)
  from space 8192K, 85% used [0x00000000f2d80000,0x00000000f3453cc8,0x00000000f3580000)
  to   space 5632K, 0% used [0x00000000f3800000,0x00000000f3800000,0x00000000f3d80000)
 ParOldGen       total 38400K, used 11698K [0x00000000c0e00000, 0x00000000c3380000, 0x00000000eaf80000)
  object space 38400K, 30% used [0x00000000c0e00000,0x00000000c196caa8,0x00000000c3380000)
 Metaspace       used 29243K, capacity 30500K, committed 30768K, reserved 1075200K
  class space    used 3784K, capacity 4046K, committed 4144K, reserved 1048576K

Card table byte_map: [0x0000000011d00000,0x0000000011f00000] byte_map_base: 0x00000000116f9000

Marking Bits: (ParMarkBitMap*) 0x000000007093c720
 Begin Bits: [0x0000000012720000, 0x00000000136e8000)
 End Bits:   [0x00000000136e8000, 0x00000000146b0000)

Polling page: 0x0000000000430000

CodeCache: size=245760Kb used=9293Kb max_used=9293Kb free=236466Kb
 bounds [0x0000000002940000, 0x0000000003260000, 0x0000000011940000]
 total_blobs=3203 nmethods=2791 adapters=324
 compilation: enabled

Compilation events (10 events):
Event: 4.908 Thread 0x0000000057ea8800 2787       3       org.springframework.core.type.classreading.SimpleAnnotationMetadataReadingVisitor::visitEnd (72 bytes)
Event: 4.909 Thread 0x0000000057ea8800 nmethod 2787 0x000000000324ee10 code [0x000000000324f040, 0x000000000324fd08]
Event: 4.909 Thread 0x0000000057ea8800 2789       3       java.nio.ByteBuffer::array (35 bytes)
Event: 4.909 Thread 0x0000000057ea8800 nmethod 2789 0x0000000003250290 code [0x0000000003250420, 0x0000000003250738]
Event: 4.909 Thread 0x0000000057ea8800 2788       3       org.springframework.core.type.classreading.SimpleAnnotationMetadata::<init> (56 bytes)
Event: 4.909 Thread 0x0000000057ea8800 nmethod 2788 0x0000000003250890 code [0x00000000032509e0, 0x0000000003250c50]
Event: 4.909 Thread 0x0000000057ea8800 2790       3       java.util.ArrayDeque::<init> (14 bytes)
Event: 4.909 Thread 0x0000000057ea8800 nmethod 2790 0x0000000003250d10 code [0x0000000003250e80, 0x0000000003251130]
Event: 4.913 Thread 0x0000000057ea8800 2792   !   3       java.lang.invoke.MethodHandles$Lookup::canBeCached (146 bytes)
Event: 4.916 Thread 0x0000000057ea8800 nmethod 2792 0x0000000003251250 code [0x00000000032516c0, 0x00000000032547a8]

GC Heap History (10 events):
Event: 2.126 GC heap before
{Heap before GC invocations=4 (full 0):
 PSYoungGen      total 35328K, used 35324K [0x00000000eaf80000, 0x00000000ef480000, 0x0000000100000000)
  eden space 32768K, 100% used [0x00000000eaf80000,0x00000000ecf80000,0x00000000ecf80000)
  from space 2560K, 99% used [0x00000000ecf80000,0x00000000ed1ff138,0x00000000ed200000)
  to   space 2560K, 0% used [0x00000000ef200000,0x00000000ef200000,0x00000000ef480000)
 ParOldGen       total 44032K, used 5013K [0x00000000c0e00000, 0x00000000c3900000, 0x00000000eaf80000)
  object space 44032K, 11% used [0x00000000c0e00000,0x00000000c12e5530,0x00000000c3900000)
 Metaspace       used 15401K, capacity 15986K, committed 16000K, reserved 1062912K
  class space    used 2012K, capacity 2173K, committed 2176K, reserved 1048576K
Event: 2.145 GC heap after
Heap after GC invocations=4 (full 0):
 PSYoungGen      total 68096K, used 2559K [0x00000000eaf80000, 0x00000000ef480000, 0x0000000100000000)
  eden space 65536K, 0% used [0x00000000eaf80000,0x00000000eaf80000,0x00000000eef80000)
  from space 2560K, 99% used [0x00000000ef200000,0x00000000ef47fe78,0x00000000ef480000)
  to   space 2560K, 0% used [0x00000000eef80000,0x00000000eef80000,0x00000000ef200000)
 ParOldGen       total 44032K, used 7738K [0x00000000c0e00000, 0x00000000c3900000, 0x00000000eaf80000)
  object space 44032K, 17% used [0x00000000c0e00000,0x00000000c158e8f8,0x00000000c3900000)
 Metaspace       used 15401K, capacity 15986K, committed 16000K, reserved 1062912K
  class space    used 2012K, capacity 2173K, committed 2176K, reserved 1048576K
}
Event: 2.584 GC heap before
{Heap before GC invocations=5 (full 0):
 PSYoungGen      total 68096K, used 64518K [0x00000000eaf80000, 0x00000000ef480000, 0x0000000100000000)
  eden space 65536K, 94% used [0x00000000eaf80000,0x00000000eec01c98,0x00000000eef80000)
  from space 2560K, 99% used [0x00000000ef200000,0x00000000ef47fe78,0x00000000ef480000)
  to   space 2560K, 0% used [0x00000000eef80000,0x00000000eef80000,0x00000000ef200000)
 ParOldGen       total 44032K, used 7738K [0x00000000c0e00000, 0x00000000c3900000, 0x00000000eaf80000)
  object space 44032K, 17% used [0x00000000c0e00000,0x00000000c158e8f8,0x00000000c3900000)
 Metaspace       used 20582K, capacity 21214K, committed 21296K, reserved 1067008K
  class space    used 2676K, capacity 2851K, committed 2864K, reserved 1048576K
Event: 2.594 GC heap after
Heap after GC invocations=5 (full 0):
 PSYoungGen      total 68096K, used 2540K [0x00000000eaf80000, 0x00000000f4080000, 0x0000000100000000)
  eden space 65536K, 0% used [0x00000000eaf80000,0x00000000eaf80000,0x00000000eef80000)
  from space 2560K, 99% used [0x00000000eef80000,0x00000000ef1fb168,0x00000000ef200000)
  to   space 8704K, 0% used [0x00000000f3800000,0x00000000f3800000,0x00000000f4080000)
 ParOldGen       total 44032K, used 13372K [0x00000000c0e00000, 0x00000000c3900000, 0x00000000eaf80000)
  object space 44032K, 30% used [0x00000000c0e00000,0x00000000c1b0f3a0,0x00000000c3900000)
 Metaspace       used 20582K, capacity 21214K, committed 21296K, reserved 1067008K
  class space    used 2676K, capacity 2851K, committed 2864K, reserved 1048576K
}
Event: 2.594 GC heap before
{Heap before GC invocations=6 (full 1):
 PSYoungGen      total 68096K, used 2540K [0x00000000eaf80000, 0x00000000f4080000, 0x0000000100000000)
  eden space 65536K, 0% used [0x00000000eaf80000,0x00000000eaf80000,0x00000000eef80000)
  from space 2560K, 99% used [0x00000000eef80000,0x00000000ef1fb168,0x00000000ef200000)
  to   space 8704K, 0% used [0x00000000f3800000,0x00000000f3800000,0x00000000f4080000)
 ParOldGen       total 44032K, used 13372K [0x00000000c0e00000, 0x00000000c3900000, 0x00000000eaf80000)
  object space 44032K, 30% used [0x00000000c0e00000,0x00000000c1b0f3a0,0x00000000c3900000)
 Metaspace       used 20582K, capacity 21214K, committed 21296K, reserved 1067008K
  class space    used 2676K, capacity 2851K, committed 2864K, reserved 1048576K
Event: 2.634 GC heap after
Heap after GC invocations=6 (full 1):
 PSYoungGen      total 68096K, used 0K [0x00000000eaf80000, 0x00000000f4080000, 0x0000000100000000)
  eden space 65536K, 0% used [0x00000000eaf80000,0x00000000eaf80000,0x00000000eef80000)
  from space 2560K, 0% used [0x00000000eef80000,0x00000000eef80000,0x00000000ef200000)
  to   space 8704K, 0% used [0x00000000f3800000,0x00000000f3800000,0x00000000f4080000)
 ParOldGen       total 38400K, used 11682K [0x00000000c0e00000, 0x00000000c3380000, 0x00000000eaf80000)
  object space 38400K, 30% used [0x00000000c0e00000,0x00000000c1968aa8,0x00000000c3380000)
 Metaspace       used 20582K, capacity 21214K, committed 21296K, reserved 1067008K
  class space    used 2676K, capacity 2851K, committed 2864K, reserved 1048576K
}
Event: 4.229 GC heap before
{Heap before GC invocations=7 (full 1):
 PSYoungGen      total 68096K, used 65536K [0x00000000eaf80000, 0x00000000f4080000, 0x0000000100000000)
  eden space 65536K, 100% used [0x00000000eaf80000,0x00000000eef80000,0x00000000eef80000)
  from space 2560K, 0% used [0x00000000eef80000,0x00000000eef80000,0x00000000ef200000)
  to   space 8704K, 0% used [0x00000000f3800000,0x00000000f3800000,0x00000000f4080000)
 ParOldGen       total 38400K, used 11682K [0x00000000c0e00000, 0x00000000c3380000, 0x00000000eaf80000)
  object space 38400K, 30% used [0x00000000c0e00000,0x00000000c1968aa8,0x00000000c3380000)
 Metaspace       used 25386K, capacity 26418K, committed 26672K, reserved 1073152K
  class space    used 3335K, capacity 3583K, committed 3632K, reserved 1048576K
Event: 4.236 GC heap after
Heap after GC invocations=7 (full 1):
 PSYoungGen      total 118784K, used 5335K [0x00000000eaf80000, 0x00000000f3d80000, 0x0000000100000000)
  eden space 113152K, 0% used [0x00000000eaf80000,0x00000000eaf80000,0x00000000f1e00000)
  from space 5632K, 94% used [0x00000000f3800000,0x00000000f3d35f70,0x00000000f3d80000)
  to   space 8192K, 0% used [0x00000000f2d80000,0x00000000f2d80000,0x00000000f3580000)
 ParOldGen       total 38400K, used 11690K [0x00000000c0e00000, 0x00000000c3380000, 0x00000000eaf80000)
  object space 38400K, 30% used [0x00000000c0e00000,0x00000000c196aaa8,0x00000000c3380000)
 Metaspace       used 25386K, capacity 26418K, committed 26672K, reserved 1073152K
  class space    used 3335K, capacity 3583K, committed 3632K, reserved 1048576K
}
Event: 4.714 GC heap before
{Heap before GC invocations=8 (full 1):
 PSYoungGen      total 118784K, used 118487K [0x00000000eaf80000, 0x00000000f3d80000, 0x0000000100000000)
  eden space 113152K, 100% used [0x00000000eaf80000,0x00000000f1e00000,0x00000000f1e00000)
  from space 5632K, 94% used [0x00000000f3800000,0x00000000f3d35f70,0x00000000f3d80000)
  to   space 8192K, 0% used [0x00000000f2d80000,0x00000000f2d80000,0x00000000f3580000)
 ParOldGen       total 38400K, used 11690K [0x00000000c0e00000, 0x00000000c3380000, 0x00000000eaf80000)
  object space 38400K, 30% used [0x00000000c0e00000,0x00000000c196aaa8,0x00000000c3380000)
 Metaspace       used 27877K, capacity 29004K, committed 29232K, reserved 1075200K
  class space    used 3587K, capacity 3838K, committed 3888K, reserved 1048576K
Event: 4.722 GC heap after
Heap after GC invocations=8 (full 1):
 PSYoungGen      total 121344K, used 6991K [0x00000000eaf80000, 0x00000000f3d80000, 0x0000000100000000)
  eden space 113152K, 0% used [0x00000000eaf80000,0x00000000eaf80000,0x00000000f1e00000)
  from space 8192K, 85% used [0x00000000f2d80000,0x00000000f3453cc8,0x00000000f3580000)
  to   space 5632K, 0% used [0x00000000f3800000,0x00000000f3800000,0x00000000f3d80000)
 ParOldGen       total 38400K, used 11698K [0x00000000c0e00000, 0x00000000c3380000, 0x00000000eaf80000)
  object space 38400K, 30% used [0x00000000c0e00000,0x00000000c196caa8,0x00000000c3380000)
 Metaspace       used 27877K, capacity 29004K, committed 29232K, reserved 1075200K
  class space    used 3587K, capacity 3838K, committed 3888K, reserved 1048576K
}

Deoptimization events (10 events):
Event: 4.227 Thread 0x000000000248b000 Uncommon trap: reason=unstable_if action=reinterpret pc=0x0000000002d9b09c method=java.util.Hashtable$Enumerator.nextElement()Ljava/lang/Object; @ 71
Event: 4.227 Thread 0x000000000248b000 Uncommon trap: reason=unstable_if action=reinterpret pc=0x0000000002d9b3ac method=java.util.Hashtable$Enumerator.nextElement()Ljava/lang/Object; @ 71
Event: 4.369 Thread 0x000000000248b000 Uncommon trap: reason=class_check action=maybe_recompile pc=0x0000000002f91904 method=java.net.URLClassLoader.defineClass(Ljava/lang/String;Lsun/misc/Resource;)Ljava/lang/Class; @ 13
Event: 4.370 Thread 0x000000000248b000 Uncommon trap: reason=class_check action=maybe_recompile pc=0x0000000002f91904 method=java.net.URLClassLoader.defineClass(Ljava/lang/String;Lsun/misc/Resource;)Ljava/lang/Class; @ 13
Event: 4.371 Thread 0x000000000248b000 Uncommon trap: reason=class_check action=maybe_recompile pc=0x0000000002f91904 method=java.net.URLClassLoader.defineClass(Ljava/lang/String;Lsun/misc/Resource;)Ljava/lang/Class; @ 13
Event: 4.371 Thread 0x000000000248b000 Uncommon trap: reason=class_check action=maybe_recompile pc=0x0000000002f91904 method=java.net.URLClassLoader.defineClass(Ljava/lang/String;Lsun/misc/Resource;)Ljava/lang/Class; @ 13
Event: 4.768 Thread 0x000000000248b000 Uncommon trap: reason=bimorphic action=maybe_recompile pc=0x00000000031f2e34 method=org.springframework.util.StringUtils.collectionToDelimitedString(Ljava/util/Collection;Ljava/lang/String;Ljava/lang/String;Ljava/lang/String;)Ljava/lang/String; @ 20
Event: 4.769 Thread 0x000000000248b000 Uncommon trap: reason=bimorphic action=maybe_recompile pc=0x00000000031f2e34 method=org.springframework.util.StringUtils.collectionToDelimitedString(Ljava/util/Collection;Ljava/lang/String;Ljava/lang/String;Ljava/lang/String;)Ljava/lang/String; @ 20
Event: 4.771 Thread 0x000000000248b000 Uncommon trap: reason=bimorphic action=maybe_recompile pc=0x00000000031f2e34 method=org.springframework.util.StringUtils.collectionToDelimitedString(Ljava/util/Collection;Ljava/lang/String;Ljava/lang/String;Ljava/lang/String;)Ljava/lang/String; @ 20
Event: 4.775 Thread 0x000000000248b000 Uncommon trap: reason=bimorphic action=maybe_recompile pc=0x00000000031f2e34 method=org.springframework.util.StringUtils.collectionToDelimitedString(Ljava/util/Collection;Ljava/lang/String;Ljava/lang/String;Ljava/lang/String;)Ljava/lang/String; @ 20

Internal exceptions (10 events):
Event: 4.092 Thread 0x000000000248b000 Exception <a 'java/lang/ClassNotFoundException': org/springframework/core/PriorityOrderedCustomizer> (0x00000000ee993b58) thrown at [C:\re\workspace\8-2-build-windows-amd64-cygwin\jdk8u131\8869\hotspot\src\share\vm\classfile\systemDictionary.cpp, line 210
Event: 4.093 Thread 0x000000000248b000 Exception <a 'java/lang/ClassNotFoundException': org/springframework/core/OrderedCustomizer> (0x00000000ee9b4fb0) thrown at [C:\re\workspace\8-2-build-windows-amd64-cygwin\jdk8u131\8869\hotspot\src\share\vm\classfile\systemDictionary.cpp, line 210]
Event: 4.093 Thread 0x000000000248b000 Exception <a 'java/lang/ClassNotFoundException': org/springframework/context/ResourceLoaderAwareCustomizer> (0x00000000ee9df6e0) thrown at [C:\re\workspace\8-2-build-windows-amd64-cygwin\jdk8u131\8869\hotspot\src\share\vm\classfile\systemDictionary.cpp, l
Event: 4.093 Thread 0x000000000248b000 Exception <a 'java/lang/ClassNotFoundException': org/springframework/beans/factory/AwareCustomizer> (0x00000000eea05fb0) thrown at [C:\re\workspace\8-2-build-windows-amd64-cygwin\jdk8u131\8869\hotspot\src\share\vm\classfile\systemDictionary.cpp, line 210]
Event: 4.094 Thread 0x000000000248b000 Exception <a 'java/lang/ClassNotFoundException': org/springframework/beans/factory/BeanClassLoaderAwareCustomizer> (0x00000000eea33d68) thrown at [C:\re\workspace\8-2-build-windows-amd64-cygwin\jdk8u131\8869\hotspot\src\share\vm\classfile\systemDictionary
Event: 4.094 Thread 0x000000000248b000 Exception <a 'java/lang/ClassNotFoundException': org/springframework/beans/factory/AwareCustomizer> (0x00000000eea5a6f8) thrown at [C:\re\workspace\8-2-build-windows-amd64-cygwin\jdk8u131\8869\hotspot\src\share\vm\classfile\systemDictionary.cpp, line 210]
Event: 4.095 Thread 0x000000000248b000 Exception <a 'java/lang/ClassNotFoundException': org/springframework/context/EnvironmentAwareCustomizer> (0x00000000eea82b30) thrown at [C:\re\workspace\8-2-build-windows-amd64-cygwin\jdk8u131\8869\hotspot\src\share\vm\classfile\systemDictionary.cpp, line
Event: 4.095 Thread 0x000000000248b000 Exception <a 'java/lang/ClassNotFoundException': org/springframework/beans/factory/AwareCustomizer> (0x00000000eeaa93b0) thrown at [C:\re\workspace\8-2-build-windows-amd64-cygwin\jdk8u131\8869\hotspot\src\share\vm\classfile\systemDictionary.cpp, line 210]
Event: 4.312 Thread 0x000000000248b000 Exception <a 'java/lang/IncompatibleClassChangeError': Found class java.lang.Object, but interface was expected> (0x00000000ee309f30) thrown at [C:\re\workspace\8-2-build-windows-amd64-cygwin\jdk8u131\8869\hotspot\src\share\vm\interpreter\linkResolver.cpp
Event: 4.886 Thread 0x000000000248b000 Exception <a 'java/lang/NoSuchMethodError': java.lang.Object.lambda$getRequiredAttribute$0(Ljava/lang/String;)Ljava/lang/IllegalArgumentException;> (0x00000000ec112ce8) thrown at [C:\re\workspace\8-2-build-windows-amd64-cygwin\jdk8u131\8869\hotspot\src\sh

Events (10 events):
Event: 4.925 loading class org/springframework/util/ConcurrentReferenceHashMap$WeakEntryReference
Event: 4.925 loading class org/springframework/util/ConcurrentReferenceHashMap$WeakEntryReference done
Event: 4.926 Executing VM operation: Deoptimize
Event: 4.926 Executing VM operation: Deoptimize done
Event: 4.926 Thread 0x000000000248b000 DEOPT PACKING pc=0x0000000002e1fbe4 sp=0x00000000027fdeb0
Event: 4.926 Thread 0x000000000248b000 DEOPT UNPACKING pc=0x000000000298787f sp=0x00000000027fdc90 mode 0
Event: 4.927 loading class org/springframework/data/util/ClassTypeInformation
Event: 4.927 loading class org/springframework/data/util/ClassTypeInformation done
Event: 4.927 loading class com/tensquare/friend/pojo/Friend
Event: 4.927 loading class com/tensquare/friend/pojo/Friend done


Dynamic libraries:
0x000000013fd70000 - 0x000000013fda7000 	C:\Program Files\Java\jdk1.8.0_131\bin\java.exe
0x0000000076df0000 - 0x0000000076f8f000 	C:\Windows\SYSTEM32\ntdll.dll
0x0000000076cd0000 - 0x0000000076def000 	C:\Windows\system32\kernel32.dll
0x000007fefc8e0000 - 0x000007fefc947000 	C:\Windows\system32\KERNELBASE.dll
0x000007fefcc10000 - 0x000007fefcceb000 	C:\Windows\system32\ADVAPI32.dll
0x000007fefcb70000 - 0x000007fefcc0f000 	C:\Windows\system32\msvcrt.dll
0x000007fefda50000 - 0x000007fefda6f000 	C:\Windows\SYSTEM32\sechost.dll
0x000007fefdeb0000 - 0x000007fefdfdc000 	C:\Windows\system32\RPCRT4.dll
0x0000000076a90000 - 0x0000000076b8a000 	C:\Windows\system32\USER32.dll
0x000007fefd600000 - 0x000007fefd667000 	C:\Windows\system32\GDI32.dll
0x000007fefd810000 - 0x000007fefd81e000 	C:\Windows\system32\LPK.dll
0x000007fefd1c0000 - 0x000007fefd28b000 	C:\Windows\system32\USP10.dll
0x000007fefb290000 - 0x000007fefb485000 	C:\Windows\WinSxS\amd64_microsoft.windows.common-controls_6595b64144ccf1df_6.0.7601.24483_none_e372d88f30fbb845\COMCTL32.dll
0x000007fefd670000 - 0x000007fefd6e1000 	C:\Windows\system32\SHLWAPI.dll
0x000007fefd820000 - 0x000007fefd84e000 	C:\Windows\system32\IMM32.DLL
0x000007fefdda0000 - 0x000007fefdeab000 	C:\Windows\system32\MSCTF.dll
0x0000000078a70000 - 0x0000000078b42000 	C:\Program Files\Java\jdk1.8.0_131\jre\bin\msvcr100.dll
0x0000000070120000 - 0x00000000709bc000 	C:\Program Files\Java\jdk1.8.0_131\jre\bin\server\jvm.dll
0x000007fef5bc0000 - 0x000007fef5bc9000 	C:\Windows\system32\WSOCK32.dll
0x000007fefd330000 - 0x000007fefd37d000 	C:\Windows\system32\WS2_32.dll
0x000007fefd770000 - 0x000007fefd778000 	C:\Windows\system32\NSI.dll
0x000007fefca40000 - 0x000007fefca7b000 	C:\Windows\system32\WINMM.dll
0x000007fefb7b0000 - 0x000007fefb7bc000 	C:\Windows\system32\VERSION.dll
0x0000000076f90000 - 0x0000000076f97000 	C:\Windows\system32\PSAPI.DLL
0x0000000057b20000 - 0x0000000057b2f000 	C:\Program Files\Java\jdk1.8.0_131\jre\bin\verify.dll
0x000000006cf00000 - 0x000000006cf29000 	C:\Program Files\Java\jdk1.8.0_131\jre\bin\java.dll
0x000000006fe90000 - 0x000000006feb3000 	C:\Program Files\Java\jdk1.8.0_131\jre\bin\instrument.dll
0x0000000057440000 - 0x0000000057456000 	C:\Program Files\Java\jdk1.8.0_131\jre\bin\zip.dll
0x000007fefe350000 - 0x000007feff0db000 	C:\Windows\system32\SHELL32.dll
0x000007fefd850000 - 0x000007fefda4f000 	C:\Windows\system32\ole32.dll
0x000007fefc720000 - 0x000007fefc72f000 	C:\Windows\system32\profapi.dll
0x000007fef7750000 - 0x000007fef776a000 	C:\Program Files\JetBrains\IntelliJ IDEA Community Edition 2020.1.1\bin\breakgen64.dll
0x0000000001d30000 - 0x0000000001d4a000 	C:\Program Files\Java\jdk1.8.0_131\jre\bin\net.dll
0x000007fefbe00000 - 0x000007fefbe55000 	C:\Windows\system32\mswsock.dll
0x000007fefbf80000 - 0x000007fefbf87000 	C:\Windows\System32\wship6.dll
0x000007fef98f0000 - 0x000007fef9917000 	C:\Windows\system32\IPHLPAPI.DLL
0x000007fef98e0000 - 0x000007fef98eb000 	C:\Windows\system32\WINNSI.DLL
0x000007fef9770000 - 0x000007fef9781000 	C:\Windows\system32\dhcpcsvc6.DLL
0x000007fef9750000 - 0x000007fef9768000 	C:\Windows\system32\dhcpcsvc.DLL
0x000007fefbc90000 - 0x000007fefbceb000 	C:\Windows\system32\DNSAPI.dll
0x000007fefb8a0000 - 0x000007fefb8a7000 	C:\Windows\System32\wshtcpip.dll
0x000007fef8f60000 - 0x000007fef8f68000 	C:\Windows\system32\rasadhlp.dll
0x000007fef97a0000 - 0x000007fef97f3000 	C:\Windows\System32\fwpuclnt.dll
0x0000000057b10000 - 0x0000000057b1d000 	C:\Program Files\Java\jdk1.8.0_131\jre\bin\management.dll
0x000007fefa180000 - 0x000007fefa195000 	C:\Windows\system32\NLAapi.dll
0x000007fef7c90000 - 0x000007fef7ca5000 	C:\Windows\system32\napinsp.dll
0x000007fef7cb0000 - 0x000007fef7cc9000 	C:\Windows\system32\pnrpnsp.dll
0x000007fef7c80000 - 0x000007fef7c8b000 	C:\Windows\System32\winrnr.dll
0x000000006fa90000 - 0x000000006faa1000 	C:\Program Files\Java\jdk1.8.0_131\jre\bin\nio.dll

VM Arguments:
jvm_args: -javaagent:C:\Program Files\JetBrains\IntelliJ IDEA Community Edition 2020.1.1\lib\idea_rt.jar=51001:C:\Program Files\JetBrains\IntelliJ IDEA Community Edition 2020.1.1\bin -Dfile.encoding=UTF-8 
java_command: com.tensquare.friend.FriendApplication
java_class_path (initial): C:\Program Files\Java\jdk1.8.0_131\jre\lib\charsets.jar;C:\Program Files\Java\jdk1.8.0_131\jre\lib\deploy.jar;C:\Program Files\Java\jdk1.8.0_131\jre\lib\ext\access-bridge-64.jar;C:\Program Files\Java\jdk1.8.0_131\jre\lib\ext\cldrdata.jar;C:\Program Files\Java\jdk1.8.0_131\jre\lib\ext\dnsns.jar;C:\Program Files\Java\jdk1.8.0_131\jre\lib\ext\jaccess.jar;C:\Program Files\Java\jdk1.8.0_131\jre\lib\ext\jfxrt.jar;C:\Program Files\Java\jdk1.8.0_131\jre\lib\ext\localedata.jar;C:\Program Files\Java\jdk1.8.0_131\jre\lib\ext\nashorn.jar;C:\Program Files\Java\jdk1.8.0_131\jre\lib\ext\sunec.jar;C:\Program Files\Java\jdk1.8.0_131\jre\lib\ext\sunjce_provider.jar;C:\Program Files\Java\jdk1.8.0_131\jre\lib\ext\sunmscapi.jar;C:\Program Files\Java\jdk1.8.0_131\jre\lib\ext\sunpkcs11.jar;C:\Program Files\Java\jdk1.8.0_131\jre\lib\ext\zipfs.jar;C:\Program Files\Java\jdk1.8.0_131\jre\lib\javaws.jar;C:\Program Files\Java\jdk1.8.0_131\jre\lib\jce.jar;C:\Program Files\Java\jdk1.8.0_131\jre\lib\jfr.jar;C:\Program Files\Java\jdk1.8.0_131\jre\lib\jfxswt.jar;C:\Program Files\Java\jdk1.8.0_131\jre\lib\jsse.jar;C:\Program Files\Java\jdk1.8.0_131\jre\lib\management-agent.jar;C:\Program Files\Java\jdk1.8.0_131\jre\lib\plugin.jar;C:\Program Files\Java\jdk1.8.0_131\jre\lib\resources.jar;C:\Program Files\Java\jdk1.8.0_131\jre\lib\rt.jar;D:\it\workspace\com.tensquare\tensquare_friend\target\classes;D:\it\workspace\com.tensquare\commons\target\classes;C:\Program Files\Java\repository\io\jsonwebtoken\jjwt\0.9.1\jjwt-0.9.1.jar;C:\Program Files\Java\repository\org\springframework\boot\spring-boot-starter-web\2.2.2.RELEASE\spring-boot-starter-web-2.2.2.RELEASE.jar;C:\Program Files\Java\repository\org\springframework\boot\spring-boot-starter\2.2.2.RELEASE\spring-boot-starter-2.2.2.RELEASE.jar;C:\Program Files\Java\repository\org\springframework\boot\spring-boot\2.2.2.RELEASE\spring-boot-2.2.2.RELEASE.jar;C:\Program Files\Java\repository\org\springframework\boot\spring-boot-autocon
Launcher Type: SUN_STANDARD

Environment Variables:
JAVA_HOME=C:\Program Files\Java\jdk1.8.0_131
CLASSPATH= .;C:\Program Files\Java\jdk1.8.0_131\lib;C:\Program Files\Java\jdk1.8.0_131\lib\tools.jar
PATH=C:\ProgramData\Oracle\Java\javapath;D:\xftp\;D:\xshell\;C:\Windows\system32;C:\Windows;C:\Windows\System32\Wbem;C:\Windows\System32\WindowsPowerShell\v1.0\;C:\Program Files (x86)\AMD\ATI.ACE\Core-Static;C:\Program Files (x86)\ATI Technologies\ATI.ACE\Core-Static;C:\Program Files\Java\jdk1.8.0_131\bin;C:\Program Files\Java\jdk1.8.0_131\jre\bin;C:\Program Files\Java\apache-maven-3.6.2\bin;C:\Program Files\MongoDB\Server\4.2\bin;C:\Program Files\nodejs\;C:\Users\jinyi.li\AppData\Roaming\npm
USERNAME=jinyi.li
OS=Windows_NT
PROCESSOR_IDENTIFIER=Intel64 Family 6 Model 58 Stepping 9, GenuineIntel



---------------  S Y S T E M  ---------------

OS: Windows 7 , 64 bit Build 7601 (6.1.7601.24520)

CPU:total 4 (initial active 4) (4 cores per cpu, 1 threads per core) family 6 model 58 stepping 9, cmov, cx8, fxsr, mmx, sse, sse2, sse3, ssse3, sse4.1, sse4.2, popcnt, avx, aes, clmul, erms, tsc, tscinvbit, tscinv

Memory: 4k page, physical 4135884k(63864k free), swap 16541636k(5216k free)

vm_info: Java HotSpot(TM) 64-Bit Server VM (25.131-b11) for windows-amd64 JRE (1.8.0_131-b11), built on Mar 15 2017 01:23:53 by "java_re" with MS VC++ 10.0 (VS2010)

time: Mon Jun 01 11:44:42 2020
elapsed time: 4 seconds (0d 0h 0m 4s)

