#
# There is insufficient memory for the Java Runtime Environment to continue.
# Native memory allocation (malloc) failed to allocate 227856 bytes for Chunk::new
# Possible reasons:
#   The system is out of physical RAM or swap space
#   In 32 bit mode, the process size limit was hit
# Possible solutions:
#   Reduce memory load on the system
#   Increase physical memory or swap space
#   Check if swap backing store is full
#   Use 64 bit Java on a 64 bit OS
#   Decrease Java heap size (-Xmx/-Xms)
#   Decrease number of Java threads
#   Decrease Java thread stack sizes (-Xss)
#   Set larger code cache with -XX:ReservedCodeCacheSize=
# This output file may be truncated or incomplete.
#
#  Out of Memory Error (allocation.cpp:390), pid=31480, tid=0x0000000000007bfc
#
# JRE version: Java(TM) SE Runtime Environment (8.0_131-b11) (build 1.8.0_131-b11)
# Java VM: Java HotSpot(TM) 64-Bit Server VM (25.131-b11 mixed mode windows-amd64 compressed oops)
# Failed to write core dump. Minidumps are not enabled by default on client versions of Windows
#

---------------  T H R E A D  ---------------

Current thread (0x0000000057d0f800):  JavaThread "C2 CompilerThread1" daemon [_thread_in_native, id=31740, stack(0x00000000571c0000,0x00000000572c0000)]

Stack: [0x00000000571c0000,0x00000000572c0000]
[error occurred during error reporting (printing stack bounds), id 0xc0000005]

Native frames: (J=compiled Java code, j=interpreted, Vv=VM code, C=native code)


Current CompileTask:
C2:  18507 4520   !   4       sun.misc.Resource::getBytes (242 bytes)


---------------  P R O C E S S  ---------------

Java Threads: ( => current thread )
  0x000000005d347800 JavaThread "HikariPool-1 connection adder" daemon [_thread_blocked, id=32260, stack(0x000000005ef40000,0x000000005f040000)]
  0x000000005d346800 JavaThread "HikariPool-1 housekeeper" daemon [_thread_blocked, id=31384, stack(0x000000005ed50000,0x000000005ee50000)]
  0x000000005d346000 JavaThread "Abandoned connection cleanup thread" daemon [_thread_blocked, id=25180, stack(0x00000000565b0000,0x00000000566b0000)]
  0x000000005d345000 JavaThread "container-0" [_thread_blocked, id=27996, stack(0x000000005e610000,0x000000005e710000)]
  0x000000005d344000 JavaThread "Catalina-utility-2" [_thread_blocked, id=31724, stack(0x000000005e410000,0x000000005e510000)]
  0x000000005d343800 JavaThread "Catalina-utility-1" [_thread_blocked, id=20024, stack(0x000000005e270000,0x000000005e370000)]
  0x0000000059c68800 JavaThread "Keep-Alive-Timer" daemon [_thread_blocked, id=31888, stack(0x000000005b360000,0x000000005b460000)]
  0x0000000057f86000 JavaThread "Service Thread" daemon [_thread_blocked, id=30532, stack(0x0000000057470000,0x0000000057570000)]
  0x0000000057dc1800 JavaThread "C1 CompilerThread2" daemon [_thread_blocked, id=4852, stack(0x0000000057050000,0x0000000057150000)]
=>0x0000000057d0f800 JavaThread "C2 CompilerThread1" daemon [_thread_in_native, id=31740, stack(0x00000000571c0000,0x00000000572c0000)]
  0x0000000057d0d800 JavaThread "C2 CompilerThread0" daemon [_thread_in_native, id=29924, stack(0x0000000056d90000,0x0000000056e90000)]
  0x0000000057d0b800 JavaThread "Monitor Ctrl-Break" daemon [_thread_in_native, id=32620, stack(0x0000000056ef0000,0x0000000056ff0000)]
  0x00000000567d2800 JavaThread "Attach Listener" daemon [_thread_blocked, id=5160, stack(0x00000000563a0000,0x00000000564a0000)]
  0x00000000553ce800 JavaThread "Signal Dispatcher" daemon [_thread_blocked, id=32628, stack(0x0000000056c70000,0x0000000056d70000)]
  0x00000000553b2800 JavaThread "Finalizer" daemon [_thread_blocked, id=20584, stack(0x00000000566c0000,0x00000000567c0000)]
  0x000000005536b800 JavaThread "Reference Handler" daemon [_thread_blocked, id=31508, stack(0x00000000564b0000,0x00000000565b0000)]
  0x00000000023eb000 JavaThread "main" [_thread_in_vm, id=31648, stack(0x00000000024b0000,0x00000000025b0000)]

Other Threads:
  0x0000000055364000 VMThread [stack: 0x00000000561f0000,0x00000000562f0000] [id=31920]
  0x0000000057f9f800 WatcherThread [stack: 0x0000000057720000,0x0000000057820000] [id=27720]

VM state:not at safepoint (normal execution)

VM Mutex/Monitor currently owned by a thread: None

Heap:
 PSYoungGen      total 158720K, used 19575K [0x00000000eaf80000, 0x00000000f8d00000, 0x0000000100000000)
  eden space 151040K, 12% used [0x00000000eaf80000,0x00000000ec29dc28,0x00000000f4300000)
  from space 7680K, 0% used [0x00000000f4300000,0x00000000f4300000,0x00000000f4a80000)
  to   space 12288K, 0% used [0x00000000f8100000,0x00000000f8100000,0x00000000f8d00000)
 ParOldGen       total 40448K, used 18665K [0x00000000c0e00000, 0x00000000c3580000, 0x00000000eaf80000)
  object space 40448K, 46% used [0x00000000c0e00000,0x00000000c203a470,0x00000000c3580000)
 Metaspace       used 50394K, capacity 52486K, committed 52784K, reserved 1095680K
  class space    used 6739K, capacity 7137K, committed 7216K, reserved 1048576K

Card table byte_map: [0x0000000011ca0000,0x0000000011ea0000] byte_map_base: 0x0000000011699000

Marking Bits: (ParMarkBitMap*) 0x000000007093c720
 Begin Bits: [0x0000000012840000, 0x0000000013808000)
 End Bits:   [0x0000000013808000, 0x00000000147d0000)

Polling page: 0x0000000000140000

CodeCache: size=245760Kb used=14169Kb max_used=14911Kb free=231590Kb
 bounds [0x00000000028e0000, 0x0000000003780000, 0x00000000118e0000]
 total_blobs=4523 nmethods=3992 adapters=442
 compilation: enabled

Compilation events (10 events):
Event: 18.410 Thread 0x0000000057dc1800 4531       3       java.util.ArrayList::subList (22 bytes)
Event: 18.410 Thread 0x0000000057dc1800 nmethod 4531 0x0000000002a46150 code [0x0000000002a462c0, 0x0000000002a464f8]
Event: 18.417 Thread 0x0000000057d0d800 nmethod 4526 0x0000000002b81890 code [0x0000000002b81a20, 0x0000000002b822a8]
Event: 18.417 Thread 0x0000000057d0d800 4532       4       java.lang.CharacterDataLatin1::getType (11 bytes)
Event: 18.418 Thread 0x0000000057d0d800 nmethod 4532 0x0000000002baef90 code [0x0000000002baf0c0, 0x0000000002baf138]
Event: 18.427 Thread 0x0000000057dc1800 4533       3       sun.misc.URLClassPath::access$000 (6 bytes)
Event: 18.427 Thread 0x0000000057dc1800 nmethod 4533 0x0000000002be0650 code [0x0000000002be07c0, 0x0000000002be0928]
Event: 18.440 Thread 0x0000000057d0d800 4534       4       java.net.URLStreamHandler::parseURL (1193 bytes)
Event: 18.473 Thread 0x0000000057dc1800 4535       3       java.lang.Thread::getContextClassLoader (32 bytes)
Event: 18.474 Thread 0x0000000057dc1800 nmethod 4535 0x0000000002aa1290 code [0x0000000002aa1480, 0x0000000002aa1d98]

GC Heap History (10 events):
Event: 14.062 GC heap before
{Heap before GC invocations=15 (full 2):
 PSYoungGen      total 157184K, used 151040K [0x00000000eaf80000, 0x00000000f5200000, 0x0000000100000000)
  eden space 151040K, 100% used [0x00000000eaf80000,0x00000000f4300000,0x00000000f4300000)
  from space 6144K, 0% used [0x00000000f4c00000,0x00000000f4c00000,0x00000000f5200000)
  to   space 7680K, 0% used [0x00000000f4300000,0x00000000f4300000,0x00000000f4a80000)
 ParOldGen       total 40448K, used 12920K [0x00000000c0e00000, 0x00000000c3580000, 0x00000000eaf80000)
  object space 40448K, 31% used [0x00000000c0e00000,0x00000000c1a9e0f8,0x00000000c3580000)
 Metaspace       used 40077K, capacity 41996K, committed 42288K, reserved 1085440K
  class space    used 5248K, capacity 5594K, committed 5680K, reserved 1048576K
Event: 14.072 GC heap after
Heap after GC invocations=15 (full 2):
 PSYoungGen      total 158720K, used 7655K [0x00000000eaf80000, 0x00000000f8f80000, 0x0000000100000000)
  eden space 151040K, 0% used [0x00000000eaf80000,0x00000000eaf80000,0x00000000f4300000)
  from space 7680K, 99% used [0x00000000f4300000,0x00000000f4a79f78,0x00000000f4a80000)
  to   space 8704K, 0% used [0x00000000f8700000,0x00000000f8700000,0x00000000f8f80000)
 ParOldGen       total 40448K, used 13175K [0x00000000c0e00000, 0x00000000c3580000, 0x00000000eaf80000)
  object space 40448K, 32% used [0x00000000c0e00000,0x00000000c1adde10,0x00000000c3580000)
 Metaspace       used 40077K, capacity 41996K, committed 42288K, reserved 1085440K
  class space    used 5248K, capacity 5594K, committed 5680K, reserved 1048576K
}
Event: 18.134 GC heap before
{Heap before GC invocations=16 (full 2):
 PSYoungGen      total 158720K, used 107031K [0x00000000eaf80000, 0x00000000f8f80000, 0x0000000100000000)
  eden space 151040K, 65% used [0x00000000eaf80000,0x00000000f108bca0,0x00000000f4300000)
  from space 7680K, 99% used [0x00000000f4300000,0x00000000f4a79f78,0x00000000f4a80000)
  to   space 8704K, 0% used [0x00000000f8700000,0x00000000f8700000,0x00000000f8f80000)
 ParOldGen       total 40448K, used 13175K [0x00000000c0e00000, 0x00000000c3580000, 0x00000000eaf80000)
  object space 40448K, 32% used [0x00000000c0e00000,0x00000000c1adde10,0x00000000c3580000)
 Metaspace       used 48971K, capacity 51036K, committed 51248K, reserved 1097728K
  class space    used 6529K, capacity 6912K, committed 6960K, reserved 1048576K
Event: 18.147 GC heap after
Heap after GC invocations=16 (full 2):
 PSYoungGen      total 159744K, used 8674K [0x00000000eaf80000, 0x00000000f8f80000, 0x0000000100000000)
  eden space 151040K, 0% used [0x00000000eaf80000,0x00000000eaf80000,0x00000000f4300000)
  from space 8704K, 99% used [0x00000000f8700000,0x00000000f8f78848,0x00000000f8f80000)
  to   space 7680K, 0% used [0x00000000f4300000,0x00000000f4300000,0x00000000f4a80000)
 ParOldGen       total 40448K, used 18967K [0x00000000c0e00000, 0x00000000c3580000, 0x00000000eaf80000)
  object space 40448K, 46% used [0x00000000c0e00000,0x00000000c2085f88,0x00000000c3580000)
 Metaspace       used 48971K, capacity 51036K, committed 51248K, reserved 1097728K
  class space    used 6529K, capacity 6912K, committed 6960K, reserved 1048576K
}
Event: 18.147 GC heap before
{Heap before GC invocations=17 (full 3):
 PSYoungGen      total 159744K, used 8674K [0x00000000eaf80000, 0x00000000f8f80000, 0x0000000100000000)
  eden space 151040K, 0% used [0x00000000eaf80000,0x00000000eaf80000,0x00000000f4300000)
  from space 8704K, 99% used [0x00000000f8700000,0x00000000f8f78848,0x00000000f8f80000)
  to   space 7680K, 0% used [0x00000000f4300000,0x00000000f4300000,0x00000000f4a80000)
 ParOldGen       total 40448K, used 18967K [0x00000000c0e00000, 0x00000000c3580000, 0x00000000eaf80000)
  object space 40448K, 46% used [0x00000000c0e00000,0x00000000c2085f88,0x00000000c3580000)
 Metaspace       used 48971K, capacity 51036K, committed 51248K, reserved 1097728K
  class space    used 6529K, capacity 6912K, committed 6960K, reserved 1048576K
Event: 18.273 GC heap after
Heap after GC invocations=17 (full 3):
 PSYoungGen      total 159744K, used 0K [0x00000000eaf80000, 0x00000000f8f80000, 0x0000000100000000)
  eden space 151040K, 0% used [0x00000000eaf80000,0x00000000eaf80000,0x00000000f4300000)
  from space 8704K, 0% used [0x00000000f8700000,0x00000000f8700000,0x00000000f8f80000)
  to   space 7680K, 0% used [0x00000000f4300000,0x00000000f4300000,0x00000000f4a80000)
 ParOldGen       total 40448K, used 24265K [0x00000000c0e00000, 0x00000000c3580000, 0x00000000eaf80000)
  object space 40448K, 59% used [0x00000000c0e00000,0x00000000c25b25e0,0x00000000c3580000)
 Metaspace       used 48971K, capacity 51036K, committed 51248K, reserved 1095680K
  class space    used 6529K, capacity 6912K, committed 6960K, reserved 1048576K
}
Event: 18.276 GC heap before
{Heap before GC invocations=18 (full 3):
 PSYoungGen      total 159744K, used 2382K [0x00000000eaf80000, 0x00000000f8f80000, 0x0000000100000000)
  eden space 151040K, 1% used [0x00000000eaf80000,0x00000000eb1d3b10,0x00000000f4300000)
  from space 8704K, 0% used [0x00000000f8700000,0x00000000f8700000,0x00000000f8f80000)
  to   space 7680K, 0% used [0x00000000f4300000,0x00000000f4300000,0x00000000f4a80000)
 ParOldGen       total 40448K, used 24265K [0x00000000c0e00000, 0x00000000c3580000, 0x00000000eaf80000)
  object space 40448K, 59% used [0x00000000c0e00000,0x00000000c25b25e0,0x00000000c3580000)
 Metaspace       used 48971K, capacity 51036K, committed 51248K, reserved 1099776K
  class space    used 6529K, capacity 6912K, committed 6960K, reserved 1048576K
Event: 18.277 GC heap after
Heap after GC invocations=18 (full 3):
 PSYoungGen      total 158720K, used 96K [0x00000000eaf80000, 0x00000000f8d00000, 0x0000000100000000)
  eden space 151040K, 0% used [0x00000000eaf80000,0x00000000eaf80000,0x00000000f4300000)
  from space 7680K, 1% used [0x00000000f4300000,0x00000000f4318000,0x00000000f4a80000)
  to   space 12288K, 0% used [0x00000000f8100000,0x00000000f8100000,0x00000000f8d00000)
 ParOldGen       total 40448K, used 24265K [0x00000000c0e00000, 0x00000000c3580000, 0x00000000eaf80000)
  object space 40448K, 59% used [0x00000000c0e00000,0x00000000c25b25e0,0x00000000c3580000)
 Metaspace       used 48971K, capacity 51036K, committed 51248K, reserved 1099776K
  class space    used 6529K, capacity 6912K, committed 6960K, reserved 1048576K
}
Event: 18.277 GC heap before
{Heap before GC invocations=19 (full 4):
 PSYoungGen      total 158720K, used 96K [0x00000000eaf80000, 0x00000000f8d00000, 0x0000000100000000)
  eden space 151040K, 0% used [0x00000000eaf80000,0x00000000eaf80000,0x00000000f4300000)
  from space 7680K, 1% used [0x00000000f4300000,0x00000000f4318000,0x00000000f4a80000)
  to   space 12288K, 0% used [0x00000000f8100000,0x00000000f8100000,0x00000000f8d00000)
 ParOldGen       total 40448K, used 24265K [0x00000000c0e00000, 0x00000000c3580000, 0x00000000eaf80000)
  object space 40448K, 59% used [0x00000000c0e00000,0x00000000c25b25e0,0x00000000c3580000)
 Metaspace       used 48971K, capacity 51036K, committed 51248K, reserved 1099776K
  class space    used 6529K, capacity 6912K, committed 6960K, reserved 1048576K
Event: 18.322 GC heap after
Heap after GC invocations=19 (full 4):
 PSYoungGen      total 158720K, used 0K [0x00000000eaf80000, 0x00000000f8d00000, 0x0000000100000000)
  eden space 151040K, 0% used [0x00000000eaf80000,0x00000000eaf80000,0x00000000f4300000)
  from space 7680K, 0% used [0x00000000f4300000,0x00000000f4300000,0x00000000f4a80000)
  to   space 12288K, 0% used [0x00000000f8100000,0x00000000f8100000,0x00000000f8d00000)
 ParOldGen       total 40448K, used 18665K [0x00000000c0e00000, 0x00000000c3580000, 0x00000000eaf80000)
  object space 40448K, 46% used [0x00000000c0e00000,0x00000000c203a470,0x00000000c3580000)
 Metaspace       used 48971K, capacity 51036K, committed 51248K, reserved 1095680K
  class space    used 6529K, capacity 6912K, committed 6960K, reserved 1048576K
}

Deoptimization events (10 events):
Event: 17.017 Thread 0x00000000023eb000 Uncommon trap: reason=class_check action=maybe_recompile pc=0x000000000319cd84 method=java.util.AbstractList$Itr.hasNext()Z @ 8
Event: 17.464 Thread 0x00000000023eb000 Uncommon trap: reason=unstable_if action=reinterpret pc=0x00000000034cdfbc method=sun.nio.cs.UTF_8$Encoder.encodeArrayLoop(Ljava/nio/CharBuffer;Ljava/nio/ByteBuffer;)Ljava/nio/charset/CoderResult; @ 87
Event: 17.603 Thread 0x000000005d347800 Uncommon trap: reason=bimorphic action=maybe_recompile pc=0x0000000002e0a2b0 method=java.util.Hashtable.get(Ljava/lang/Object;)Ljava/lang/Object; @ 45
Event: 17.636 Thread 0x000000005d347800 Uncommon trap: reason=bimorphic action=maybe_recompile pc=0x0000000002e0a2b0 method=java.util.Hashtable.get(Ljava/lang/Object;)Ljava/lang/Object; @ 45
Event: 17.667 Thread 0x000000005d347800 Uncommon trap: reason=bimorphic action=maybe_recompile pc=0x0000000002e0a2b0 method=java.util.Hashtable.get(Ljava/lang/Object;)Ljava/lang/Object; @ 45
Event: 17.701 Thread 0x000000005d347800 Uncommon trap: reason=bimorphic action=maybe_recompile pc=0x0000000002e0a2b0 method=java.util.Hashtable.get(Ljava/lang/Object;)Ljava/lang/Object; @ 45
Event: 17.843 Thread 0x000000005d347800 Uncommon trap: reason=predicate action=maybe_recompile pc=0x000000000371e974 method=java.util.regex.Pattern$SliceI.match(Ljava/util/regex/Matcher;ILjava/lang/CharSequence;)Z @ 21
Event: 17.912 Thread 0x00000000023eb000 Uncommon trap: reason=predicate action=maybe_recompile pc=0x00000000037485e8 method=java.util.AbstractCollection.toArray([Ljava/lang/Object;)[Ljava/lang/Object; @ 49
Event: 17.976 Thread 0x00000000023eb000 Uncommon trap: reason=unstable_if action=reinterpret pc=0x0000000002e91b00 method=java.lang.ClassLoader.getClassLoadingLock(Ljava/lang/String;)Ljava/lang/Object; @ 6
Event: 18.425 Thread 0x00000000023eb000 Uncommon trap: reason=unstable_if action=reinterpret pc=0x0000000002bdea80 method=java.lang.String.valueOf(Ljava/lang/Object;)Ljava/lang/String; @ 1

Internal exceptions (10 events):
Event: 13.386 Thread 0x00000000023eb000 Implicit null exception at 0x0000000002d4f2cd to 0x0000000002d4f81c
Event: 13.386 Thread 0x00000000023eb000 Exception <a 'java/lang/NullPointerException'> (0x00000000f397f548) thrown at [C:\re\workspace\8-2-build-windows-amd64-cygwin\jdk8u131\8869\hotspot\src\share\vm\runtime\sharedRuntime.cpp, line 605]
Event: 13.386 Thread 0x00000000023eb000 Implicit null exception at 0x0000000002d4f2cd to 0x0000000002d4f81c
Event: 13.386 Thread 0x00000000023eb000 Exception <a 'java/lang/NullPointerException'> (0x00000000f39801f0) thrown at [C:\re\workspace\8-2-build-windows-amd64-cygwin\jdk8u131\8869\hotspot\src\share\vm\runtime\sharedRuntime.cpp, line 605]
Event: 13.387 Thread 0x00000000023eb000 Implicit null exception at 0x0000000002d4f2cd to 0x0000000002d4f81c
Event: 13.387 Thread 0x00000000023eb000 Exception <a 'java/lang/NullPointerException'> (0x00000000f3980e80) thrown at [C:\re\workspace\8-2-build-windows-amd64-cygwin\jdk8u131\8869\hotspot\src\share\vm\runtime\sharedRuntime.cpp, line 605]
Event: 13.387 Thread 0x00000000023eb000 Implicit null exception at 0x0000000002d4f2cd to 0x0000000002d4f81c
Event: 13.387 Thread 0x00000000023eb000 Exception <a 'java/lang/NullPointerException'> (0x00000000f3982278) thrown at [C:\re\workspace\8-2-build-windows-amd64-cygwin\jdk8u131\8869\hotspot\src\share\vm\runtime\sharedRuntime.cpp, line 605]
Event: 14.484 Thread 0x00000000023eb000 Implicit null exception at 0x0000000003507ae2 to 0x0000000003507d5d
Event: 18.425 Thread 0x00000000023eb000 Implicit null exception at 0x0000000002bde624 to 0x0000000002bdea69

Events (10 events):
Event: 18.502 loading class org/hibernate/internal/CoreMessageLogger_$logger_zh
Event: 18.502 loading class org/hibernate/internal/CoreMessageLogger_$logger_zh done
Event: 18.502 loading class org/hibernate/cfg/annotations/EntityBinder$SecondaryTableNamingStrategyHelper
Event: 18.502 loading class org/hibernate/cfg/annotations/EntityBinder$SecondaryTableNamingStrategyHelper done
Event: 18.503 loading class org/hibernate/boot/model/naming/NamingStrategyHelper
Event: 18.503 loading class org/hibernate/boot/model/naming/NamingStrategyHelper done
Event: 18.503 loading class org/hibernate/cfg/AccessType
Event: 18.503 loading class org/hibernate/cfg/AccessType done
Event: 18.503 loading class org/hibernate/cfg/BinderHelper
Event: 18.503 loading class org/hibernate/cfg/BinderHelper done


Dynamic libraries:
0x000000013fd70000 - 0x000000013fda7000 	C:\Program Files\Java\jdk1.8.0_131\bin\java.exe
0x0000000076df0000 - 0x0000000076f8f000 	C:\Windows\SYSTEM32\ntdll.dll
0x0000000076cd0000 - 0x0000000076def000 	C:\Windows\system32\kernel32.dll
0x000007fefc8e0000 - 0x000007fefc947000 	C:\Windows\system32\KERNELBASE.dll
0x000007fefcc10000 - 0x000007fefcceb000 	C:\Windows\system32\ADVAPI32.dll
0x000007fefcb70000 - 0x000007fefcc0f000 	C:\Windows\system32\msvcrt.dll
0x000007fefda50000 - 0x000007fefda6f000 	C:\Windows\SYSTEM32\sechost.dll
0x000007fefdeb0000 - 0x000007fefdfdc000 	C:\Windows\system32\RPCRT4.dll
0x0000000076a90000 - 0x0000000076b8a000 	C:\Windows\system32\USER32.dll
0x000007fefd600000 - 0x000007fefd667000 	C:\Windows\system32\GDI32.dll
0x000007fefd810000 - 0x000007fefd81e000 	C:\Windows\system32\LPK.dll
0x000007fefd1c0000 - 0x000007fefd28b000 	C:\Windows\system32\USP10.dll
0x000007fefb290000 - 0x000007fefb485000 	C:\Windows\WinSxS\amd64_microsoft.windows.common-controls_6595b64144ccf1df_6.0.7601.24483_none_e372d88f30fbb845\COMCTL32.dll
0x000007fefd670000 - 0x000007fefd6e1000 	C:\Windows\system32\SHLWAPI.dll
0x000007fefd820000 - 0x000007fefd84e000 	C:\Windows\system32\IMM32.DLL
0x000007fefdda0000 - 0x000007fefdeab000 	C:\Windows\system32\MSCTF.dll
0x0000000078a70000 - 0x0000000078b42000 	C:\Program Files\Java\jdk1.8.0_131\jre\bin\msvcr100.dll
0x0000000070120000 - 0x00000000709bc000 	C:\Program Files\Java\jdk1.8.0_131\jre\bin\server\jvm.dll
0x000007fef5bc0000 - 0x000007fef5bc9000 	C:\Windows\system32\WSOCK32.dll
0x000007fefd330000 - 0x000007fefd37d000 	C:\Windows\system32\WS2_32.dll
0x000007fefd770000 - 0x000007fefd778000 	C:\Windows\system32\NSI.dll
0x000007fefca40000 - 0x000007fefca7b000 	C:\Windows\system32\WINMM.dll
0x000007fefb7b0000 - 0x000007fefb7bc000 	C:\Windows\system32\VERSION.dll
0x0000000076f90000 - 0x0000000076f97000 	C:\Windows\system32\PSAPI.DLL
0x0000000057b20000 - 0x0000000057b2f000 	C:\Program Files\Java\jdk1.8.0_131\jre\bin\verify.dll
0x000000006cf00000 - 0x000000006cf29000 	C:\Program Files\Java\jdk1.8.0_131\jre\bin\java.dll
0x000000006fe90000 - 0x000000006feb3000 	C:\Program Files\Java\jdk1.8.0_131\jre\bin\instrument.dll
0x0000000057440000 - 0x0000000057456000 	C:\Program Files\Java\jdk1.8.0_131\jre\bin\zip.dll
0x000007fefe350000 - 0x000007feff0db000 	C:\Windows\system32\SHELL32.dll
0x000007fefd850000 - 0x000007fefda4f000 	C:\Windows\system32\ole32.dll
0x000007fefc720000 - 0x000007fefc72f000 	C:\Windows\system32\profapi.dll
0x000007fef7750000 - 0x000007fef776a000 	C:\Program Files\JetBrains\IntelliJ IDEA Community Edition 2020.1.1\bin\breakgen64.dll
0x0000000057300000 - 0x000000005731a000 	C:\Program Files\Java\jdk1.8.0_131\jre\bin\net.dll
0x000007fefbe00000 - 0x000007fefbe55000 	C:\Windows\system32\mswsock.dll
0x000007fefbf80000 - 0x000007fefbf87000 	C:\Windows\System32\wship6.dll
0x000007fef98f0000 - 0x000007fef9917000 	C:\Windows\system32\IPHLPAPI.DLL
0x000007fef98e0000 - 0x000007fef98eb000 	C:\Windows\system32\WINNSI.DLL
0x000007fef9770000 - 0x000007fef9781000 	C:\Windows\system32\dhcpcsvc6.DLL
0x000007fef9750000 - 0x000007fef9768000 	C:\Windows\system32\dhcpcsvc.DLL
0x000007fefbc90000 - 0x000007fefbceb000 	C:\Windows\system32\DNSAPI.dll
0x000007fefb8a0000 - 0x000007fefb8a7000 	C:\Windows\System32\wshtcpip.dll
0x000007fef8f60000 - 0x000007fef8f68000 	C:\Windows\system32\rasadhlp.dll
0x000007fef97a0000 - 0x000007fef97f3000 	C:\Windows\System32\fwpuclnt.dll
0x0000000057b10000 - 0x0000000057b1d000 	C:\Program Files\Java\jdk1.8.0_131\jre\bin\management.dll
0x000007fefa180000 - 0x000007fefa195000 	C:\Windows\system32\NLAapi.dll
0x000007fef7c90000 - 0x000007fef7ca5000 	C:\Windows\system32\napinsp.dll
0x000007fef7cb0000 - 0x000007fef7cc9000 	C:\Windows\system32\pnrpnsp.dll
0x000007fef7c80000 - 0x000007fef7c8b000 	C:\Windows\System32\winrnr.dll
0x000000006fa90000 - 0x000000006faa1000 	C:\Program Files\Java\jdk1.8.0_131\jre\bin\nio.dll
0x000007fefc0d0000 - 0x000007fefc0e8000 	C:\Windows\system32\CRYPTSP.dll
0x000007fefbba0000 - 0x000007fefbbe7000 	C:\Windows\system32\rsaenh.dll
0x000007fefc8c0000 - 0x000007fefc8df000 	C:\Windows\system32\USERENV.dll
0x000007fefc570000 - 0x000007fefc57f000 	C:\Windows\system32\CRYPTBASE.dll
0x0000000002620000 - 0x0000000002644000 	C:\Program Files\Java\jdk1.8.0_131\jre\bin\sunec.dll
0x0000000002650000 - 0x000000000265b000 	C:\Program Files\Java\jdk1.8.0_131\jre\bin\sunmscapi.dll
0x000007fefc730000 - 0x000007fefc89d000 	C:\Windows\system32\CRYPT32.dll
0x000007fefc710000 - 0x000007fefc71f000 	C:\Windows\system32\MSASN1.dll

VM Arguments:
jvm_args: -javaagent:C:\Program Files\JetBrains\IntelliJ IDEA Community Edition 2020.1.1\lib\idea_rt.jar=50901:C:\Program Files\JetBrains\IntelliJ IDEA Community Edition 2020.1.1\bin -Dfile.encoding=UTF-8 
java_command: com.tensquare.friend.FriendApplication
java_class_path (initial): C:\Program Files\Java\jdk1.8.0_131\jre\lib\charsets.jar;C:\Program Files\Java\jdk1.8.0_131\jre\lib\deploy.jar;C:\Program Files\Java\jdk1.8.0_131\jre\lib\ext\access-bridge-64.jar;C:\Program Files\Java\jdk1.8.0_131\jre\lib\ext\cldrdata.jar;C:\Program Files\Java\jdk1.8.0_131\jre\lib\ext\dnsns.jar;C:\Program Files\Java\jdk1.8.0_131\jre\lib\ext\jaccess.jar;C:\Program Files\Java\jdk1.8.0_131\jre\lib\ext\jfxrt.jar;C:\Program Files\Java\jdk1.8.0_131\jre\lib\ext\localedata.jar;C:\Program Files\Java\jdk1.8.0_131\jre\lib\ext\nashorn.jar;C:\Program Files\Java\jdk1.8.0_131\jre\lib\ext\sunec.jar;C:\Program Files\Java\jdk1.8.0_131\jre\lib\ext\sunjce_provider.jar;C:\Program Files\Java\jdk1.8.0_131\jre\lib\ext\sunmscapi.jar;C:\Program Files\Java\jdk1.8.0_131\jre\lib\ext\sunpkcs11.jar;C:\Program Files\Java\jdk1.8.0_131\jre\lib\ext\zipfs.jar;C:\Program Files\Java\jdk1.8.0_131\jre\lib\javaws.jar;C:\Program Files\Java\jdk1.8.0_131\jre\lib\jce.jar;C:\Program Files\Java\jdk1.8.0_131\jre\lib\jfr.jar;C:\Program Files\Java\jdk1.8.0_131\jre\lib\jfxswt.jar;C:\Program Files\Java\jdk1.8.0_131\jre\lib\jsse.jar;C:\Program Files\Java\jdk1.8.0_131\jre\lib\management-agent.jar;C:\Program Files\Java\jdk1.8.0_131\jre\lib\plugin.jar;C:\Program Files\Java\jdk1.8.0_131\jre\lib\resources.jar;C:\Program Files\Java\jdk1.8.0_131\jre\lib\rt.jar;D:\it\workspace\com.tensquare\tensquare_friend\target\classes;D:\it\workspace\com.tensquare\commons\target\classes;C:\Program Files\Java\repository\io\jsonwebtoken\jjwt\0.9.1\jjwt-0.9.1.jar;C:\Program Files\Java\repository\org\springframework\boot\spring-boot-starter-web\2.2.2.RELEASE\spring-boot-starter-web-2.2.2.RELEASE.jar;C:\Program Files\Java\repository\org\springframework\boot\spring-boot-starter\2.2.2.RELEASE\spring-boot-starter-2.2.2.RELEASE.jar;C:\Program Files\Java\repository\org\springframework\boot\spring-boot\2.2.2.RELEASE\spring-boot-2.2.2.RELEASE.jar;C:\Program Files\Java\repository\org\springframework\boot\spring-boot-autocon
Launcher Type: SUN_STANDARD

Environment Variables:
JAVA_HOME=C:\Program Files\Java\jdk1.8.0_131
CLASSPATH= .;C:\Program Files\Java\jdk1.8.0_131\lib;C:\Program Files\Java\jdk1.8.0_131\lib\tools.jar
PATH=C:\ProgramData\Oracle\Java\javapath;D:\xftp\;D:\xshell\;C:\Windows\system32;C:\Windows;C:\Windows\System32\Wbem;C:\Windows\System32\WindowsPowerShell\v1.0\;C:\Program Files (x86)\AMD\ATI.ACE\Core-Static;C:\Program Files (x86)\ATI Technologies\ATI.ACE\Core-Static;C:\Program Files\Java\jdk1.8.0_131\bin;C:\Program Files\Java\jdk1.8.0_131\jre\bin;C:\Program Files\Java\apache-maven-3.6.2\bin;C:\Program Files\MongoDB\Server\4.2\bin;C:\Program Files\nodejs\;C:\Users\jinyi.li\AppData\Roaming\npm
USERNAME=jinyi.li
OS=Windows_NT
PROCESSOR_IDENTIFIER=Intel64 Family 6 Model 58 Stepping 9, GenuineIntel



---------------  S Y S T E M  ---------------

OS: Windows 7 , 64 bit Build 7601 (6.1.7601.24520)

CPU:total 4 (initial active 4) (4 cores per cpu, 1 threads per core) family 6 model 58 stepping 9, cmov, cx8, fxsr, mmx, sse, sse2, sse3, ssse3, sse4.1, sse4.2, popcnt, avx, aes, clmul, erms, tsc, tscinvbit, tscinv

Memory: 4k page, physical 4135884k(331104k free), swap 16541636k(5100k free)

vm_info: Java HotSpot(TM) 64-Bit Server VM (25.131-b11) for windows-amd64 JRE (1.8.0_131-b11), built on Mar 15 2017 01:23:53 by "java_re" with MS VC++ 10.0 (VS2010)

time: Mon Jun 01 11:43:41 2020
elapsed time: 18 seconds (0d 0h 0m 18s)

